<?xml version="1.0" encoding="UTF-8"?>
<!-- Generated by org.testng.reporters.JUnitXMLReporter -->
<testsuite ignored="0" hostname="IdeaPadSlim5" failures="3" tests="3" name="CrossBrowserTesting" time="1.487" errors="0" timestamp="2025-03-30T20:52:14 IST">
  <testcase classname="TestNGSelenium_Class47.TestNGFirstClass" name="VerifyFooterLinks" time="0.02">
    <failure type="java.lang.AssertionError" message="Footer link count is not matching expected [4] but found [0]">
      <![CDATA[java.lang.AssertionError: Footer link count is not matching expected [4] but found [0]
at TestNGSelenium_Class47.TestNGFirstClass.VerifyFooterLinks(TestNGFirstClass.java:29)
at java.base/java.util.ArrayList.forEach(ArrayList.java:1511)
... Removed 33 stack frames]]>
    </failure>
  </testcase> <!-- VerifyFooterLinks -->
  <testcase classname="TestNGSelenium_Class47.TestNGFirstClass" name="VerifyTitle" time="0.005">
    <failure type="java.lang.AssertionError" message="Title is not appearing as expected expected [true] but found [false]">
      <![CDATA[java.lang.AssertionError: Title is not appearing as expected expected [true] but found [false]
at TestNGSelenium_Class47.TestNGFirstClass.VerifyTitle(TestNGFirstClass.java:23)
at java.base/java.util.ArrayList.forEach(ArrayList.java:1511)
... Removed 30 stack frames]]>
    </failure>
  </testcase> <!-- VerifyTitle -->
  <testcase classname="TestNGSelenium_Class47.TestNGFirstClass" name="VerifyURL" time="0.006">
    <failure type="java.lang.AssertionError" message=" Navigation to currect page is failed. expected [true] but found [false]">
      <![CDATA[java.lang.AssertionError:  Navigation to currect page is failed. expected [true] but found [false]
at TestNGSelenium_Class47.TestNGFirstClass.VerifyURL(TestNGFirstClass.java:17)
at java.base/java.util.ArrayList.forEach(ArrayList.java:1511)
... Removed 30 stack frames]]>
    </failure>
  </testcase> <!-- VerifyURL -->
</testsuite> <!-- CrossBrowserTesting -->
